{"/mnt/c/Users/kenon/code/zurich-interview/backend/src/common/decorators/roles.decorator.ts": {"path":"/mnt/c/Users/kenon/code/zurich-interview/backend/src/common/decorators/roles.decorator.ts","statementMap":{"0":{"start":{"line":1,"column":0},"end":{"line":1,"column":45}},"1":{"start":{"line":4,"column":13},"end":{"line":4,"column":33}},"2":{"start":{"line":5,"column":21},"end":{"line":5,"column":72}},"3":{"start":{"line":5,"column":43},"end":{"line":5,"column":72}},"4":{"start":{"line":5,"column":13},"end":{"line":5,"column":21}}},"fnMap":{"0":{"name":"(anonymous_0)","decl":{"start":{"line":5,"column":21},"end":{"line":5,"column":22}},"loc":{"start":{"line":5,"column":43},"end":{"line":5,"column":72}}}},"branchMap":{},"s":{"0":1,"1":1,"2":1,"3":4,"4":1},"f":{"0":4},"b":{}}
,"/mnt/c/Users/kenon/code/zurich-interview/backend/src/common/dto/response.dto.ts": {"path":"/mnt/c/Users/kenon/code/zurich-interview/backend/src/common/dto/response.dto.ts","statementMap":{"0":{"start":{"line":8,"column":8},"end":{"line":8,"column":29}},"1":{"start":{"line":9,"column":8},"end":{"line":9,"column":25}},"2":{"start":{"line":10,"column":8},"end":{"line":10,"column":31}},"3":{"start":{"line":2,"column":0},"end":{"line":2,"column":13}}},"fnMap":{"0":{"name":"(anonymous_0)","decl":{"start":{"line":7,"column":4},"end":{"line":7,"column":16}},"loc":{"start":{"line":7,"column":63},"end":{"line":11,"column":5}}}},"branchMap":{},"s":{"0":16,"1":16,"2":16,"3":1},"f":{"0":16},"b":{}}
,"/mnt/c/Users/kenon/code/zurich-interview/backend/src/common/enums/role.enum.ts": {"path":"/mnt/c/Users/kenon/code/zurich-interview/backend/src/common/enums/role.enum.ts","statementMap":{"0":{"start":{"line":1,"column":0},"end":{"line":1,"column":null}},"1":{"start":{"line":2,"column":4},"end":{"line":2,"column":null}},"2":{"start":{"line":3,"column":4},"end":{"line":3,"column":null}}},"fnMap":{"0":{"name":"(anonymous_0)","decl":{"start":{"line":1,"column":0},"end":{"line":1,"column":12}},"loc":{"start":{"line":1,"column":16},"end":{"line":4,"column":3}}}},"branchMap":{"0":{"loc":{"start":{"line":1,"column":12},"end":{"line":1,"column":null}},"type":"binary-expr","locations":[{"start":{"line":1,"column":12},"end":{"line":1,"column":16}},{"start":{"line":1,"column":16},"end":{"line":1,"column":null}}]}},"s":{"0":1,"1":1,"2":1},"f":{"0":1},"b":{"0":[1,1]}}
,"/mnt/c/Users/kenon/code/zurich-interview/backend/src/common/guards/roles.guard.ts": {"path":"/mnt/c/Users/kenon/code/zurich-interview/backend/src/common/guards/roles.guard.ts","statementMap":{"0":{"start":{"line":1,"column":0},"end":{"line":1,"column":null}},"1":{"start":{"line":7,"column":0},"end":{"line":7,"column":41}},"2":{"start":{"line":8,"column":0},"end":{"line":8,"column":58}},"3":{"start":{"line":13,"column":7},"end":{"line":40,"column":null}},"4":{"start":{"line":14,"column":22},"end":{"line":14,"column":33}},"5":{"start":{"line":17,"column":26},"end":{"line":19,"column":null}},"6":{"start":{"line":21,"column":4},"end":{"line":23,"column":5}},"7":{"start":{"line":22,"column":6},"end":{"line":22,"column":18}},"8":{"start":{"line":25,"column":21},"end":{"line":25,"column":71}},"9":{"start":{"line":27,"column":4},"end":{"line":29,"column":5}},"10":{"start":{"line":28,"column":6},"end":{"line":28,"column":59}},"11":{"start":{"line":31,"column":20},"end":{"line":32,"column":61}},"12":{"start":{"line":32,"column":6},"end":{"line":32,"column":61}},"13":{"start":{"line":32,"column":32},"end":{"line":32,"column":60}},"14":{"start":{"line":34,"column":4},"end":{"line":36,"column":5}},"15":{"start":{"line":35,"column":6},"end":{"line":35,"column":63}},"16":{"start":{"line":38,"column":4},"end":{"line":38,"column":16}},"17":{"start":{"line":13,"column":13},"end":{"line":13,"column":23}},"18":{"start":{"line":13,"column":13},"end":{"line":40,"column":null}}},"fnMap":{"0":{"name":"(anonymous_2)","decl":{"start":{"line":14,"column":2},"end":{"line":14,"column":22}},"loc":{"start":{"line":14,"column":42},"end":{"line":14,"column":47}}},"1":{"name":"(anonymous_3)","decl":{"start":{"line":16,"column":2},"end":{"line":16,"column":13}},"loc":{"start":{"line":16,"column":39},"end":{"line":39,"column":3}}},"2":{"name":"(anonymous_4)","decl":{"start":{"line":31,"column":20},"end":{"line":31,"column":23}},"loc":{"start":{"line":32,"column":6},"end":{"line":32,"column":61}}},"3":{"name":"(anonymous_5)","decl":{"start":{"line":32,"column":22},"end":{"line":32,"column":23}},"loc":{"start":{"line":32,"column":32},"end":{"line":32,"column":60}}}},"branchMap":{"0":{"loc":{"start":{"line":21,"column":4},"end":{"line":23,"column":5}},"type":"if","locations":[{"start":{"line":21,"column":4},"end":{"line":23,"column":5}}]},"1":{"loc":{"start":{"line":27,"column":4},"end":{"line":29,"column":5}},"type":"if","locations":[{"start":{"line":27,"column":4},"end":{"line":29,"column":5}}]},"2":{"loc":{"start":{"line":27,"column":8},"end":{"line":27,"column":28}},"type":"binary-expr","locations":[{"start":{"line":27,"column":8},"end":{"line":27,"column":13}},{"start":{"line":27,"column":17},"end":{"line":27,"column":28}}]},"3":{"loc":{"start":{"line":34,"column":4},"end":{"line":36,"column":5}},"type":"if","locations":[{"start":{"line":34,"column":4},"end":{"line":36,"column":5}}]}},"s":{"0":1,"1":1,"2":1,"3":1,"4":9,"5":0,"6":0,"7":0,"8":0,"9":0,"10":0,"11":0,"12":0,"13":0,"14":0,"15":0,"16":0,"17":1,"18":1},"f":{"0":9,"1":0,"2":0,"3":0},"b":{"0":[0],"1":[0],"2":[0,0],"3":[0]}}
,"/mnt/c/Users/kenon/code/zurich-interview/backend/src/products/product.controller.ts": {"path":"/mnt/c/Users/kenon/code/zurich-interview/backend/src/products/product.controller.ts","statementMap":{"0":{"start":{"line":1,"column":0},"end":{"line":1,"column":null}},"1":{"start":{"line":14,"column":0},"end":{"line":14,"column":66}},"2":{"start":{"line":15,"column":0},"end":{"line":15,"column":51}},"3":{"start":{"line":16,"column":0},"end":{"line":16,"column":60}},"4":{"start":{"line":17,"column":0},"end":{"line":17,"column":60}},"5":{"start":{"line":18,"column":0},"end":{"line":18,"column":61}},"6":{"start":{"line":19,"column":0},"end":{"line":19,"column":49}},"7":{"start":{"line":20,"column":0},"end":{"line":20,"column":58}},"8":{"start":{"line":21,"column":0},"end":{"line":21,"column":57}},"9":{"start":{"line":22,"column":0},"end":{"line":22,"column":47}},"10":{"start":{"line":26,"column":7},"end":{"line":149,"column":null}},"11":{"start":{"line":28,"column":31},"end":{"line":28,"column":47}},"12":{"start":{"line":29,"column":4},"end":{"line":29,"column":37}},"13":{"start":{"line":47,"column":4},"end":{"line":59,"column":5}},"14":{"start":{"line":48,"column":21},"end":{"line":48,"column":80}},"15":{"start":{"line":49,"column":23},"end":{"line":49,"column":52}},"16":{"start":{"line":50,"column":6},"end":{"line":50,"column":47}},"17":{"start":{"line":52,"column":6},"end":{"line":56,"column":9}},"18":{"start":{"line":57,"column":28},"end":{"line":57,"column":69}},"19":{"start":{"line":58,"column":6},"end":{"line":58,"column":71}},"20":{"start":{"line":76,"column":4},"end":{"line":89,"column":5}},"21":{"start":{"line":77,"column":21},"end":{"line":77,"column":78}},"22":{"start":{"line":78,"column":23},"end":{"line":78,"column":52}},"23":{"start":{"line":79,"column":6},"end":{"line":79,"column":null}},"24":{"start":{"line":81,"column":6},"end":{"line":85,"column":9}},"25":{"start":{"line":86,"column":28},"end":{"line":86,"column":69}},"26":{"start":{"line":87,"column":6},"end":{"line":88,"column":29}},"27":{"start":{"line":107,"column":4},"end":{"line":119,"column":5}},"28":{"start":{"line":108,"column":21},"end":{"line":108,"column":91}},"29":{"start":{"line":109,"column":23},"end":{"line":109,"column":52}},"30":{"start":{"line":110,"column":6},"end":{"line":110,"column":47}},"31":{"start":{"line":112,"column":6},"end":{"line":116,"column":9}},"32":{"start":{"line":117,"column":28},"end":{"line":117,"column":69}},"33":{"start":{"line":118,"column":6},"end":{"line":118,"column":71}},"34":{"start":{"line":135,"column":4},"end":{"line":147,"column":5}},"35":{"start":{"line":136,"column":21},"end":{"line":136,"column":73}},"36":{"start":{"line":137,"column":23},"end":{"line":137,"column":52}},"37":{"start":{"line":138,"column":6},"end":{"line":138,"column":47}},"38":{"start":{"line":140,"column":6},"end":{"line":144,"column":9}},"39":{"start":{"line":145,"column":28},"end":{"line":145,"column":69}},"40":{"start":{"line":146,"column":6},"end":{"line":146,"column":71}},"41":{"start":{"line":26,"column":13},"end":{"line":26,"column":30}},"42":{"start":{"line":40,"column":8},"end":{"line":60,"column":null}},"43":{"start":{"line":70,"column":8},"end":{"line":90,"column":null}},"44":{"start":{"line":100,"column":8},"end":{"line":120,"column":null}},"45":{"start":{"line":130,"column":8},"end":{"line":148,"column":null}},"46":{"start":{"line":26,"column":13},"end":{"line":149,"column":null}}},"fnMap":{"0":{"name":"(anonymous_4)","decl":{"start":{"line":28,"column":2},"end":{"line":28,"column":31}},"loc":{"start":{"line":28,"column":61},"end":{"line":30,"column":3}}},"1":{"name":"(anonymous_5)","decl":{"start":{"line":40,"column":2},"end":{"line":40,"column":7}},"loc":{"start":{"line":45,"column":14},"end":{"line":60,"column":3}}},"2":{"name":"(anonymous_6)","decl":{"start":{"line":70,"column":2},"end":{"line":70,"column":7}},"loc":{"start":{"line":74,"column":14},"end":{"line":90,"column":3}}},"3":{"name":"(anonymous_7)","decl":{"start":{"line":100,"column":2},"end":{"line":100,"column":7}},"loc":{"start":{"line":105,"column":14},"end":{"line":120,"column":3}}},"4":{"name":"(anonymous_8)","decl":{"start":{"line":130,"column":2},"end":{"line":130,"column":7}},"loc":{"start":{"line":134,"column":14},"end":{"line":148,"column":3}}}},"branchMap":{},"s":{"0":1,"1":1,"2":1,"3":1,"4":1,"5":1,"6":1,"7":1,"8":1,"9":1,"10":1,"11":9,"12":9,"13":2,"14":2,"15":1,"16":1,"17":1,"18":1,"19":1,"20":2,"21":2,"22":1,"23":1,"24":1,"25":1,"26":1,"27":2,"28":2,"29":1,"30":1,"31":1,"32":1,"33":1,"34":2,"35":2,"36":1,"37":1,"38":1,"39":1,"40":1,"41":1,"42":1,"43":1,"44":1,"45":1,"46":1},"f":{"0":9,"1":2,"2":2,"3":2,"4":2},"b":{}}
,"/mnt/c/Users/kenon/code/zurich-interview/backend/src/products/product.service.ts": {"path":"/mnt/c/Users/kenon/code/zurich-interview/backend/src/products/product.service.ts","statementMap":{"0":{"start":{"line":1,"column":0},"end":{"line":1,"column":52}},"1":{"start":{"line":2,"column":0},"end":{"line":2,"column":51}},"2":{"start":{"line":3,"column":0},"end":{"line":3,"column":37}},"3":{"start":{"line":4,"column":0},"end":{"line":4,"column":58}},"4":{"start":{"line":7,"column":0},"end":{"line":7,"column":47}},"5":{"start":{"line":8,"column":0},"end":{"line":8,"column":54}},"6":{"start":{"line":12,"column":7},"end":{"line":81,"column":null}},"7":{"start":{"line":15,"column":21},"end":{"line":15,"column":40}},"8":{"start":{"line":16,"column":21},"end":{"line":16,"column":29}},"9":{"start":{"line":17,"column":35},"end":{"line":17,"column":54}},"10":{"start":{"line":24,"column":21},"end":{"line":24,"column":96}},"11":{"start":{"line":25,"column":27},"end":{"line":25,"column":81}},"12":{"start":{"line":26,"column":4},"end":{"line":29,"column":5}},"13":{"start":{"line":27,"column":6},"end":{"line":27,"column":132}},"14":{"start":{"line":28,"column":6},"end":{"line":28,"column":28}},"15":{"start":{"line":31,"column":4},"end":{"line":31,"column":119}},"16":{"start":{"line":32,"column":21},"end":{"line":36,"column":8}},"17":{"start":{"line":37,"column":4},"end":{"line":37,"column":57}},"18":{"start":{"line":38,"column":4},"end":{"line":38,"column":20}},"19":{"start":{"line":44,"column":23},"end":{"line":44,"column":70}},"20":{"start":{"line":45,"column":4},"end":{"line":45,"column":50}},"21":{"start":{"line":46,"column":4},"end":{"line":46,"column":82}},"22":{"start":{"line":47,"column":4},"end":{"line":47,"column":62}},"23":{"start":{"line":48,"column":34},"end":{"line":48,"column":88}},"24":{"start":{"line":49,"column":4},"end":{"line":49,"column":33}},"25":{"start":{"line":56,"column":4},"end":{"line":59,"column":6}},"26":{"start":{"line":60,"column":20},"end":{"line":62,"column":6}},"27":{"start":{"line":63,"column":4},"end":{"line":65,"column":5}},"28":{"start":{"line":64,"column":6},"end":{"line":64,"column":43}},"29":{"start":{"line":66,"column":4},"end":{"line":66,"column":86}},"30":{"start":{"line":67,"column":4},"end":{"line":67,"column":60}},"31":{"start":{"line":68,"column":34},"end":{"line":68,"column":93}},"32":{"start":{"line":69,"column":4},"end":{"line":69,"column":33}},"33":{"start":{"line":73,"column":4},"end":{"line":73,"column":57}},"34":{"start":{"line":74,"column":4},"end":{"line":74,"column":65}},"35":{"start":{"line":75,"column":34},"end":{"line":75,"column":93}},"36":{"start":{"line":76,"column":4},"end":{"line":78,"column":5}},"37":{"start":{"line":76,"column":48},"end":{"line":76,"column":83}},"38":{"start":{"line":77,"column":6},"end":{"line":77,"column":45}},"39":{"start":{"line":79,"column":4},"end":{"line":79,"column":33}},"40":{"start":{"line":12,"column":13},"end":{"line":12,"column":27}},"41":{"start":{"line":12,"column":13},"end":{"line":81,"column":null}}},"fnMap":{"0":{"name":"(anonymous_4)","decl":{"start":{"line":13,"column":2},"end":{"line":13,"column":null}},"loc":{"start":{"line":17,"column":54},"end":{"line":18,"column":7}}},"1":{"name":"(anonymous_5)","decl":{"start":{"line":20,"column":2},"end":{"line":20,"column":7}},"loc":{"start":{"line":22,"column":20},"end":{"line":39,"column":3}}},"2":{"name":"(anonymous_6)","decl":{"start":{"line":41,"column":2},"end":{"line":41,"column":7}},"loc":{"start":{"line":42,"column":38},"end":{"line":50,"column":3}}},"3":{"name":"(anonymous_7)","decl":{"start":{"line":52,"column":2},"end":{"line":52,"column":7}},"loc":{"start":{"line":54,"column":38},"end":{"line":70,"column":3}}},"4":{"name":"(anonymous_8)","decl":{"start":{"line":72,"column":2},"end":{"line":72,"column":7}},"loc":{"start":{"line":72,"column":41},"end":{"line":80,"column":3}}},"5":{"name":"(anonymous_9)","decl":{"start":{"line":76,"column":35},"end":{"line":76,"column":36}},"loc":{"start":{"line":76,"column":48},"end":{"line":76,"column":83}}}},"branchMap":{"0":{"loc":{"start":{"line":24,"column":21},"end":{"line":24,"column":96}},"type":"cond-expr","locations":[{"start":{"line":24,"column":47},"end":{"line":24,"column":83}},{"start":{"line":24,"column":86},"end":{"line":24,"column":96}}]},"1":{"loc":{"start":{"line":24,"column":21},"end":{"line":24,"column":44}},"type":"binary-expr","locations":[{"start":{"line":24,"column":21},"end":{"line":24,"column":32}},{"start":{"line":24,"column":36},"end":{"line":24,"column":44}}]},"2":{"loc":{"start":{"line":26,"column":4},"end":{"line":29,"column":5}},"type":"if","locations":[{"start":{"line":26,"column":4},"end":{"line":29,"column":5}}]},"3":{"loc":{"start":{"line":27,"column":45},"end":{"line":27,"column":117}},"type":"cond-expr","locations":[{"start":{"line":27,"column":59},"end":{"line":27,"column":112}},{"start":{"line":27,"column":115},"end":{"line":27,"column":117}}]},"4":{"loc":{"start":{"line":31,"column":43},"end":{"line":31,"column":115}},"type":"cond-expr","locations":[{"start":{"line":31,"column":57},"end":{"line":31,"column":110}},{"start":{"line":31,"column":113},"end":{"line":31,"column":115}}]},"5":{"loc":{"start":{"line":63,"column":4},"end":{"line":65,"column":5}},"type":"if","locations":[{"start":{"line":63,"column":4},"end":{"line":65,"column":5}}]},"6":{"loc":{"start":{"line":76,"column":4},"end":{"line":78,"column":5}},"type":"if","locations":[{"start":{"line":76,"column":4},"end":{"line":78,"column":5}}]}},"s":{"0":2,"1":2,"2":2,"3":2,"4":2,"5":2,"6":2,"7":8,"8":8,"9":8,"10":2,"11":2,"12":2,"13":1,"14":1,"15":1,"16":1,"17":1,"18":1,"19":1,"20":1,"21":1,"22":1,"23":1,"24":1,"25":2,"26":2,"27":2,"28":1,"29":1,"30":1,"31":1,"32":1,"33":2,"34":2,"35":2,"36":2,"37":1,"38":1,"39":1,"40":2,"41":2},"f":{"0":8,"1":2,"2":1,"3":2,"4":2,"5":1},"b":{"0":[2,0],"1":[2,2],"2":[1],"3":[1,0],"4":[1,0],"5":[1],"6":[1]}}
,"/mnt/c/Users/kenon/code/zurich-interview/backend/src/products/dto/create-product.dto.ts": {"path":"/mnt/c/Users/kenon/code/zurich-interview/backend/src/products/dto/create-product.dto.ts","statementMap":{"0":{"start":{"line":1,"column":0},"end":{"line":1,"column":65}},"1":{"start":{"line":3,"column":0},"end":{"line":3,"column":13}},"2":{"start":{"line":7,"column":2},"end":{"line":7,"column":null}},"3":{"start":{"line":11,"column":2},"end":{"line":11,"column":null}},"4":{"start":{"line":15,"column":2},"end":{"line":15,"column":null}},"5":{"start":{"line":19,"column":2},"end":{"line":19,"column":null}}},"fnMap":{},"branchMap":{},"s":{"0":1,"1":1,"2":1,"3":1,"4":1,"5":1},"f":{},"b":{}}
,"/mnt/c/Users/kenon/code/zurich-interview/backend/src/products/dto/update-product.dto.ts": {"path":"/mnt/c/Users/kenon/code/zurich-interview/backend/src/products/dto/update-product.dto.ts","statementMap":{"0":{"start":{"line":1,"column":0},"end":{"line":1,"column":65}},"1":{"start":{"line":3,"column":0},"end":{"line":3,"column":13}},"2":{"start":{"line":6,"column":2},"end":{"line":6,"column":null}},"3":{"start":{"line":10,"column":2},"end":{"line":10,"column":null}}},"fnMap":{},"branchMap":{},"s":{"0":1,"1":1,"2":1,"3":1},"f":{},"b":{}}
,"/mnt/c/Users/kenon/code/zurich-interview/backend/src/products/entities/product.entity.ts": {"path":"/mnt/c/Users/kenon/code/zurich-interview/backend/src/products/entities/product.entity.ts","statementMap":{"0":{"start":{"line":1,"column":0},"end":{"line":1,"column":65}},"1":{"start":{"line":4,"column":7},"end":{"line":23,"column":null}},"2":{"start":{"line":21,"column":4},"end":{"line":21,"column":33}},"3":{"start":{"line":4,"column":13},"end":{"line":4,"column":26}},"4":{"start":{"line":6,"column":2},"end":{"line":6,"column":null}},"5":{"start":{"line":9,"column":2},"end":{"line":9,"column":null}},"6":{"start":{"line":12,"column":2},"end":{"line":12,"column":null}},"7":{"start":{"line":15,"column":2},"end":{"line":15,"column":null}},"8":{"start":{"line":18,"column":2},"end":{"line":18,"column":null}},"9":{"start":{"line":4,"column":13},"end":{"line":23,"column":null}}},"fnMap":{"0":{"name":"(anonymous_2)","decl":{"start":{"line":20,"column":2},"end":{"line":20,"column":14}},"loc":{"start":{"line":20,"column":45},"end":{"line":22,"column":3}}}},"branchMap":{},"s":{"0":2,"1":2,"2":0,"3":2,"4":2,"5":2,"6":2,"7":2,"8":2,"9":2},"f":{"0":0},"b":{}}
,"/mnt/c/Users/kenon/code/zurich-interview/backend/src/utils/logger.ts": {"path":"/mnt/c/Users/kenon/code/zurich-interview/backend/src/utils/logger.ts","statementMap":{"0":{"start":{"line":1,"column":0},"end":{"line":1,"column":59}},"1":{"start":{"line":3,"column":0},"end":{"line":3,"column":59}},"2":{"start":{"line":4,"column":0},"end":{"line":4,"column":35}},"3":{"start":{"line":6,"column":7},"end":{"line":112,"column":null}},"4":{"start":{"line":10,"column":8},"end":{"line":42,"column":11}},"5":{"start":{"line":15,"column":39},"end":{"line":15,"column":67}},"6":{"start":{"line":16,"column":38},"end":{"line":16,"column":50}},"7":{"start":{"line":17,"column":20},"end":{"line":17,"column":125}},"8":{"start":{"line":26,"column":47},"end":{"line":26,"column":75}},"9":{"start":{"line":27,"column":46},"end":{"line":27,"column":58}},"10":{"start":{"line":28,"column":28},"end":{"line":30,"column":103}},"11":{"start":{"line":45,"column":8},"end":{"line":46,"column":31}},"12":{"start":{"line":50,"column":8},"end":{"line":51,"column":31}},"13":{"start":{"line":55,"column":8},"end":{"line":56,"column":31}},"14":{"start":{"line":60,"column":8},"end":{"line":61,"column":31}},"15":{"start":{"line":65,"column":8},"end":{"line":66,"column":31}},"16":{"start":{"line":70,"column":8},"end":{"line":71,"column":31}},"17":{"start":{"line":75,"column":8},"end":{"line":77,"column":9}},"18":{"start":{"line":76,"column":12},"end":{"line":76,"column":52}},"19":{"start":{"line":78,"column":8},"end":{"line":80,"column":9}},"20":{"start":{"line":79,"column":12},"end":{"line":79,"column":43}},"21":{"start":{"line":81,"column":8},"end":{"line":81,"column":23}},"22":{"start":{"line":85,"column":8},"end":{"line":96,"column":9}},"23":{"start":{"line":87,"column":16},"end":{"line":87,"column":null}},"24":{"start":{"line":87,"column":33},"end":{"line":87,"column":57}},"25":{"start":{"line":89,"column":16},"end":{"line":89,"column":null}},"26":{"start":{"line":89,"column":33},"end":{"line":89,"column":57}},"27":{"start":{"line":91,"column":16},"end":{"line":91,"column":null}},"28":{"start":{"line":91,"column":33},"end":{"line":91,"column":57}},"29":{"start":{"line":93,"column":16},"end":{"line":93,"column":null}},"30":{"start":{"line":93,"column":33},"end":{"line":93,"column":57}},"31":{"start":{"line":95,"column":16},"end":{"line":95,"column":null}},"32":{"start":{"line":95,"column":33},"end":{"line":95,"column":57}},"33":{"start":{"line":100,"column":22},"end":{"line":100,"column":39}},"34":{"start":{"line":101,"column":8},"end":{"line":109,"column":9}},"35":{"start":{"line":102,"column":31},"end":{"line":102,"column":48}},"36":{"start":{"line":103,"column":31},"end":{"line":103,"column":44}},"37":{"start":{"line":104,"column":28},"end":{"line":104,"column":57}},"38":{"start":{"line":105,"column":12},"end":{"line":108,"column":13}},"39":{"start":{"line":106,"column":34},"end":{"line":106,"column":61}},"40":{"start":{"line":107,"column":16},"end":{"line":107,"column":33}},"41":{"start":{"line":110,"column":8},"end":{"line":110,"column":25}},"42":{"start":{"line":6,"column":13},"end":{"line":6,"column":25}},"43":{"start":{"line":6,"column":13},"end":{"line":112,"column":null}}},"fnMap":{"0":{"name":"(anonymous_2)","decl":{"start":{"line":9,"column":4},"end":{"line":9,"column":null}},"loc":{"start":{"line":9,"column":4},"end":{"line":43,"column":5}}},"1":{"name":"(anonymous_3)","decl":{"start":{"line":14,"column":30},"end":{"line":14,"column":31}},"loc":{"start":{"line":14,"column":80},"end":{"line":18,"column":17}}},"2":{"name":"(anonymous_4)","decl":{"start":{"line":25,"column":38},"end":{"line":25,"column":39}},"loc":{"start":{"line":25,"column":88},"end":{"line":31,"column":25}}},"3":{"name":"(anonymous_5)","decl":{"start":{"line":44,"column":4},"end":{"line":44,"column":7}},"loc":{"start":{"line":44,"column":46},"end":{"line":47,"column":5}}},"4":{"name":"(anonymous_6)","decl":{"start":{"line":49,"column":4},"end":{"line":49,"column":9}},"loc":{"start":{"line":49,"column":48},"end":{"line":52,"column":5}}},"5":{"name":"(anonymous_7)","decl":{"start":{"line":54,"column":4},"end":{"line":54,"column":8}},"loc":{"start":{"line":54,"column":47},"end":{"line":57,"column":5}}},"6":{"name":"(anonymous_8)","decl":{"start":{"line":59,"column":4},"end":{"line":59,"column":9}},"loc":{"start":{"line":59,"column":48},"end":{"line":62,"column":5}}},"7":{"name":"(anonymous_9)","decl":{"start":{"line":64,"column":4},"end":{"line":64,"column":11}},"loc":{"start":{"line":64,"column":50},"end":{"line":67,"column":5}}},"8":{"name":"(anonymous_10)","decl":{"start":{"line":69,"column":4},"end":{"line":69,"column":10}},"loc":{"start":{"line":69,"column":64},"end":{"line":72,"column":5}}},"9":{"name":"(anonymous_11)","decl":{"start":{"line":74,"column":12},"end":{"line":74,"column":24}},"loc":{"start":{"line":74,"column":37},"end":{"line":82,"column":5}}},"10":{"name":"(anonymous_12)","decl":{"start":{"line":84,"column":12},"end":{"line":84,"column":28}},"loc":{"start":{"line":84,"column":42},"end":{"line":97,"column":5}}},"11":{"name":"(anonymous_13)","decl":{"start":{"line":87,"column":23},"end":{"line":87,"column":24}},"loc":{"start":{"line":87,"column":33},"end":{"line":87,"column":57}}},"12":{"name":"(anonymous_14)","decl":{"start":{"line":89,"column":23},"end":{"line":89,"column":24}},"loc":{"start":{"line":89,"column":33},"end":{"line":89,"column":57}}},"13":{"name":"(anonymous_15)","decl":{"start":{"line":91,"column":23},"end":{"line":91,"column":24}},"loc":{"start":{"line":91,"column":33},"end":{"line":91,"column":57}}},"14":{"name":"(anonymous_16)","decl":{"start":{"line":93,"column":23},"end":{"line":93,"column":24}},"loc":{"start":{"line":93,"column":33},"end":{"line":93,"column":57}}},"15":{"name":"(anonymous_17)","decl":{"start":{"line":95,"column":23},"end":{"line":95,"column":24}},"loc":{"start":{"line":95,"column":33},"end":{"line":95,"column":57}}},"16":{"name":"(anonymous_18)","decl":{"start":{"line":99,"column":12},"end":{"line":99,"column":22}},"loc":{"start":{"line":99,"column":22},"end":{"line":111,"column":5}}}},"branchMap":{"0":{"loc":{"start":{"line":17,"column":68},"end":{"line":17,"column":81}},"type":"binary-expr","locations":[{"start":{"line":17,"column":68},"end":{"line":17,"column":75}},{"start":{"line":17,"column":79},"end":{"line":17,"column":81}}]},"1":{"loc":{"start":{"line":17,"column":97},"end":{"line":17,"column":122}},"type":"cond-expr","locations":[{"start":{"line":17,"column":105},"end":{"line":17,"column":117}},{"start":{"line":17,"column":120},"end":{"line":17,"column":122}}]},"2":{"loc":{"start":{"line":28,"column":35},"end":{"line":30,"column":102}},"type":"cond-expr","locations":[{"start":{"line":29,"column":34},"end":{"line":29,"column":113}},{"start":{"line":30,"column":34},"end":{"line":30,"column":102}}]},"3":{"loc":{"start":{"line":29,"column":75},"end":{"line":29,"column":88}},"type":"binary-expr","locations":[{"start":{"line":29,"column":75},"end":{"line":29,"column":82}},{"start":{"line":29,"column":86},"end":{"line":29,"column":88}}]},"4":{"loc":{"start":{"line":30,"column":75},"end":{"line":30,"column":88}},"type":"binary-expr","locations":[{"start":{"line":30,"column":75},"end":{"line":30,"column":82}},{"start":{"line":30,"column":86},"end":{"line":30,"column":88}}]},"5":{"loc":{"start":{"line":75,"column":8},"end":{"line":77,"column":9}},"type":"if","locations":[{"start":{"line":75,"column":8},"end":{"line":77,"column":9}}]},"6":{"loc":{"start":{"line":76,"column":19},"end":{"line":76,"column":51}},"type":"binary-expr","locations":[{"start":{"line":76,"column":19},"end":{"line":76,"column":32}},{"start":{"line":76,"column":36},"end":{"line":76,"column":51}}]},"7":{"loc":{"start":{"line":78,"column":8},"end":{"line":80,"column":9}},"type":"if","locations":[{"start":{"line":78,"column":8},"end":{"line":80,"column":9}}]},"8":{"loc":{"start":{"line":85,"column":8},"end":{"line":96,"column":9}},"type":"switch","locations":[{"start":{"line":86,"column":12},"end":{"line":87,"column":null}},{"start":{"line":88,"column":12},"end":{"line":89,"column":null}},{"start":{"line":90,"column":12},"end":{"line":91,"column":null}},{"start":{"line":92,"column":12},"end":{"line":93,"column":null}},{"start":{"line":94,"column":12},"end":{"line":95,"column":null}}]},"9":{"loc":{"start":{"line":101,"column":8},"end":{"line":109,"column":9}},"type":"if","locations":[{"start":{"line":101,"column":8},"end":{"line":109,"column":9}}]},"10":{"loc":{"start":{"line":105,"column":12},"end":{"line":108,"column":13}},"type":"if","locations":[{"start":{"line":105,"column":12},"end":{"line":108,"column":13}}]}},"s":{"0":2,"1":2,"2":2,"3":2,"4":9,"5":4,"6":4,"7":4,"8":4,"9":4,"10":4,"11":0,"12":4,"13":0,"14":0,"15":0,"16":0,"17":4,"18":0,"19":4,"20":4,"21":0,"22":8,"23":4,"24":4,"25":0,"26":0,"27":0,"28":0,"29":0,"30":0,"31":4,"32":4,"33":4,"34":4,"35":4,"36":4,"37":4,"38":4,"39":4,"40":4,"41":0,"42":2,"43":2},"f":{"0":9,"1":4,"2":4,"3":0,"4":4,"5":0,"6":0,"7":0,"8":0,"9":4,"10":8,"11":4,"12":0,"13":0,"14":0,"15":4,"16":4},"b":{"0":[4,0],"1":[0,4],"2":[0,4],"3":[0,0],"4":[4,0],"5":[0],"6":[0,0],"7":[4],"8":[4,0,0,0,4],"9":[4],"10":[4]}}
}
