TN:
SF:src/common/decorators/roles.decorator.ts
FN:5,(anonymous_0)
FNF:1
FNH:1
FNDA:4,(anonymous_0)
DA:1,1
DA:4,1
DA:5,4
LF:3
LH:3
BRF:0
BRH:0
end_of_record
TN:
SF:src/common/dto/response.dto.ts
FN:7,(anonymous_0)
FNF:1
FNH:1
FNDA:16,(anonymous_0)
DA:2,1
DA:8,16
DA:9,16
DA:10,16
LF:4
LH:4
BRF:0
BRH:0
end_of_record
TN:
SF:src/common/enums/role.enum.ts
FN:1,(anonymous_0)
FNF:1
FNH:1
FNDA:1,(anonymous_0)
DA:1,1
DA:2,1
DA:3,1
LF:3
LH:3
BRDA:1,0,0,1
BRDA:1,0,1,1
BRF:2
BRH:2
end_of_record
TN:
SF:src/common/guards/roles.guard.ts
FN:14,(anonymous_2)
FN:16,(anonymous_3)
FN:31,(anonymous_4)
FN:32,(anonymous_5)
FNF:4
FNH:1
FNDA:9,(anonymous_2)
FNDA:0,(anonymous_3)
FNDA:0,(anonymous_4)
FNDA:0,(anonymous_5)
DA:1,1
DA:7,1
DA:8,1
DA:13,1
DA:14,9
DA:17,0
DA:21,0
DA:22,0
DA:25,0
DA:27,0
DA:28,0
DA:31,0
DA:32,0
DA:34,0
DA:35,0
DA:38,0
LF:16
LH:5
BRDA:21,0,0,0
BRDA:27,1,0,0
BRDA:27,2,0,0
BRDA:27,2,1,0
BRDA:34,3,0,0
BRF:5
BRH:0
end_of_record
TN:
SF:src/products/product.controller.ts
FN:28,(anonymous_4)
FN:40,(anonymous_5)
FN:70,(anonymous_6)
FN:100,(anonymous_7)
FN:130,(anonymous_8)
FNF:5
FNH:5
FNDA:9,(anonymous_4)
FNDA:2,(anonymous_5)
FNDA:2,(anonymous_6)
FNDA:2,(anonymous_7)
FNDA:2,(anonymous_8)
DA:1,1
DA:14,1
DA:15,1
DA:16,1
DA:17,1
DA:18,1
DA:19,1
DA:20,1
DA:21,1
DA:22,1
DA:26,1
DA:28,9
DA:29,9
DA:40,1
DA:47,2
DA:48,2
DA:49,1
DA:50,1
DA:52,1
DA:57,1
DA:58,1
DA:70,1
DA:76,2
DA:77,2
DA:78,1
DA:79,1
DA:81,1
DA:86,1
DA:87,1
DA:100,1
DA:107,2
DA:108,2
DA:109,1
DA:110,1
DA:112,1
DA:117,1
DA:118,1
DA:130,1
DA:135,2
DA:136,2
DA:137,1
DA:138,1
DA:140,1
DA:145,1
DA:146,1
LF:45
LH:45
BRF:0
BRH:0
end_of_record
TN:
SF:src/products/product.service.ts
FN:13,(anonymous_4)
FN:20,(anonymous_5)
FN:41,(anonymous_6)
FN:52,(anonymous_7)
FN:72,(anonymous_8)
FN:76,(anonymous_9)
FNF:6
FNH:6
FNDA:8,(anonymous_4)
FNDA:2,(anonymous_5)
FNDA:1,(anonymous_6)
FNDA:2,(anonymous_7)
FNDA:2,(anonymous_8)
FNDA:1,(anonymous_9)
DA:1,2
DA:2,2
DA:3,2
DA:4,2
DA:7,2
DA:8,2
DA:12,2
DA:15,8
DA:16,8
DA:17,8
DA:24,2
DA:25,2
DA:26,2
DA:27,1
DA:28,1
DA:31,1
DA:32,1
DA:37,1
DA:38,1
DA:44,1
DA:45,1
DA:46,1
DA:47,1
DA:48,1
DA:49,1
DA:56,2
DA:60,2
DA:63,2
DA:64,1
DA:66,1
DA:67,1
DA:68,1
DA:69,1
DA:73,2
DA:74,2
DA:75,2
DA:76,2
DA:77,1
DA:79,1
LF:39
LH:39
BRDA:24,0,0,2
BRDA:24,0,1,0
BRDA:24,1,0,2
BRDA:24,1,1,2
BRDA:26,2,0,1
BRDA:27,3,0,1
BRDA:27,3,1,0
BRDA:31,4,0,1
BRDA:31,4,1,0
BRDA:63,5,0,1
BRDA:76,6,0,1
BRF:11
BRH:8
end_of_record
TN:
SF:src/products/dto/create-product.dto.ts
FNF:0
FNH:0
DA:1,1
DA:3,1
DA:7,1
DA:11,1
DA:15,1
DA:19,1
LF:6
LH:6
BRF:0
BRH:0
end_of_record
TN:
SF:src/products/dto/update-product.dto.ts
FNF:0
FNH:0
DA:1,1
DA:3,1
DA:6,1
DA:10,1
LF:4
LH:4
BRF:0
BRH:0
end_of_record
TN:
SF:src/products/entities/product.entity.ts
FN:20,(anonymous_2)
FNF:1
FNH:0
FNDA:0,(anonymous_2)
DA:1,2
DA:4,2
DA:6,2
DA:9,2
DA:12,2
DA:15,2
DA:18,2
DA:21,0
LF:8
LH:7
BRF:0
BRH:0
end_of_record
TN:
SF:src/utils/logger.ts
FN:9,(anonymous_2)
FN:14,(anonymous_3)
FN:25,(anonymous_4)
FN:44,(anonymous_5)
FN:49,(anonymous_6)
FN:54,(anonymous_7)
FN:59,(anonymous_8)
FN:64,(anonymous_9)
FN:69,(anonymous_10)
FN:74,(anonymous_11)
FN:84,(anonymous_12)
FN:87,(anonymous_13)
FN:89,(anonymous_14)
FN:91,(anonymous_15)
FN:93,(anonymous_16)
FN:95,(anonymous_17)
FN:99,(anonymous_18)
FNF:17
FNH:9
FNDA:9,(anonymous_2)
FNDA:4,(anonymous_3)
FNDA:4,(anonymous_4)
FNDA:0,(anonymous_5)
FNDA:4,(anonymous_6)
FNDA:0,(anonymous_7)
FNDA:0,(anonymous_8)
FNDA:0,(anonymous_9)
FNDA:0,(anonymous_10)
FNDA:4,(anonymous_11)
FNDA:8,(anonymous_12)
FNDA:4,(anonymous_13)
FNDA:0,(anonymous_14)
FNDA:0,(anonymous_15)
FNDA:0,(anonymous_16)
FNDA:4,(anonymous_17)
FNDA:4,(anonymous_18)
DA:1,2
DA:3,2
DA:4,2
DA:6,2
DA:10,9
DA:15,4
DA:16,4
DA:17,4
DA:26,4
DA:27,4
DA:28,4
DA:45,0
DA:50,4
DA:55,0
DA:60,0
DA:65,0
DA:70,0
DA:75,4
DA:76,0
DA:78,4
DA:79,4
DA:81,0
DA:85,8
DA:87,4
DA:89,0
DA:91,0
DA:93,0
DA:95,4
DA:100,4
DA:101,4
DA:102,4
DA:103,4
DA:104,4
DA:105,4
DA:106,4
DA:107,4
DA:110,0
LF:37
LH:26
BRDA:17,0,0,4
BRDA:17,0,1,0
BRDA:17,1,0,0
BRDA:17,1,1,4
BRDA:28,2,0,0
BRDA:28,2,1,4
BRDA:29,3,0,0
BRDA:29,3,1,0
BRDA:30,4,0,4
BRDA:30,4,1,0
BRDA:75,5,0,0
BRDA:76,6,0,0
BRDA:76,6,1,0
BRDA:78,7,0,4
BRDA:85,8,0,4
BRDA:85,8,1,0
BRDA:85,8,2,0
BRDA:85,8,3,0
BRDA:85,8,4,4
BRDA:101,9,0,4
BRDA:105,10,0,4
BRF:21
BRH:9
end_of_record
